TN:
SF:src\modules\cars\infra\typeorm\entities\Car.ts
FN:14,Car
FNF:1
FNH:0
FNDA:0,Car
DA:1,1
DA:2,1
DA:3,1
DA:4,1
DA:5,1
DA:6,1
DA:7,1
DA:8,1
DA:9,1
DA:10,1
DA:11,1
DA:12,1
DA:13,1
DA:14,1
DA:15,0
DA:16,0
DA:17,0
DA:18,0
DA:19,0
DA:20,0
DA:21,1
DA:22,1
DA:23,1
LF:23
LH:17
BRDA:2,0,0,1
BRF:1
BRH:1
end_of_record
TN:
SF:src\modules\cars\repositories\in-memory\CarRepositoryInMemory.ts
FN:16,CarRepositoryInMemory
FN:18,Object.<anonymous>.CarRepositoryInMemory.create
FN:27,Object.<anonymous>.CarRepositoryInMemory.findLicensePlate
FN:30,Object.<anonymous>.CarRepositoryInMemory.list
FNF:4
FNH:2
FNDA:3,CarRepositoryInMemory
FNDA:0,Object.<anonymous>.CarRepositoryInMemory.create
FNDA:3,Object.<anonymous>.CarRepositoryInMemory.findLicensePlate
FNDA:0,Object.<anonymous>.CarRepositoryInMemory.list
DA:1,1
DA:2,1
DA:3,1
DA:4,1
DA:5,1
DA:6,1
DA:7,1
DA:8,1
DA:9,1
DA:10,1
DA:11,1
DA:12,1
DA:13,1
DA:14,1
DA:15,1
DA:16,3
DA:17,3
DA:18,3
DA:19,0
DA:20,0
DA:21,0
DA:22,0
DA:23,0
DA:24,0
DA:25,0
DA:26,0
DA:27,3
DA:28,3
DA:29,3
DA:30,3
DA:31,0
DA:32,0
DA:33,3
DA:34,1
DA:35,1
LF:35
LH:25
BRDA:16,0,0,1
BRDA:16,1,0,3
BRDA:27,2,0,3
BRF:3
BRH:3
end_of_record
TN:
SF:src\modules\cars\useCases\createCar\CreateCarUseCase.ts
FN:18,CreateCarUseCase
FN:22,Object.<anonymous>.CreateCarUseCase.execute
FNF:2
FNH:2
FNDA:3,CreateCarUseCase
FNDA:3,Object.<anonymous>.CreateCarUseCase.execute
DA:1,1
DA:2,1
DA:3,1
DA:4,1
DA:5,1
DA:6,1
DA:7,1
DA:8,1
DA:9,1
DA:10,1
DA:11,1
DA:12,1
DA:13,1
DA:14,1
DA:15,1
DA:16,1
DA:17,1
DA:18,1
DA:19,3
DA:20,3
DA:21,3
DA:22,1
DA:23,3
DA:24,3
DA:25,3
DA:26,3
DA:27,3
DA:28,3
DA:29,3
DA:30,3
DA:31,3
DA:32,3
DA:33,3
DA:34,3
DA:35,3
DA:36,3
DA:37,0
DA:38,0
DA:39,0
DA:40,0
DA:41,0
DA:42,0
DA:43,0
DA:44,0
DA:45,0
DA:46,3
DA:47,3
DA:48,3
DA:49,1
DA:50,1
DA:51,1
LF:51
LH:42
BRDA:17,0,0,1
BRDA:18,1,0,3
BRDA:22,2,0,3
BRDA:37,3,0,0
BRF:4
BRH:3
end_of_record
TN:
SF:src\shared\errors\AppError.ts
FN:4,AppError
FNF:1
FNH:1
FNDA:3,AppError
DA:1,1
DA:2,1
DA:3,1
DA:4,1
DA:5,3
DA:6,3
DA:7,3
DA:8,1
DA:9,1
DA:10,1
LF:10
LH:10
BRDA:1,0,0,1
BRDA:4,1,0,3
BRF:2
BRH:2
end_of_record
